# JRE version: Java(TM) SE Runtime Environment (8.0_171-b11) (build 1.8.0_171-b11)
# Java VM: Java HotSpot(TM) 64-Bit Server VM (25.171-b11 mixed mode windows-amd64 compressed oops)
Heap:
 PSYoungGen      total 201216K, used 66596K [0x00000000d6000000, 0x00000000e7d80000, 0x0000000100000000)
  eden space 187904K, 28% used [0x00000000d6000000,0x00000000d9421250,0x00000000e1780000)
  from space 13312K, 99% used [0x00000000e7080000,0x00000000e7d680f8,0x00000000e7d80000)
  to   space 18432K, 0% used [0x00000000e5980000,0x00000000e5980000,0x00000000e6b80000)
 ParOldGen       total 86016K, used 27610K [0x0000000082000000, 0x0000000087400000, 0x00000000d6000000)
  object space 86016K, 32% used [0x0000000082000000,0x0000000083af6a40,0x0000000087400000)
 Metaspace       used 33396K, capacity 34212K, committed 34560K, reserved 1079296K
  class space    used 4070K, capacity 4299K, committed 4352K, reserved 1048576K
GC Heap History (10 events):
Event: 4.246 GC heap before
{Heap before GC invocations=5 (full 0):
 PSYoungGen      total 70656K, used 70624K [0x00000000d6000000, 0x00000000daa00000, 0x0000000100000000)
  eden space 65536K, 100% used [0x00000000d6000000,0x00000000da000000,0x00000000da000000)
  from space 5120K, 99% used [0x00000000da500000,0x00000000da9f8020,0x00000000daa00000)
  to   space 5120K, 0% used [0x00000000da000000,0x00000000da000000,0x00000000da500000)
 ParOldGen       total 86016K, used 11135K [0x0000000082000000, 0x0000000087400000, 0x00000000d6000000)
  object space 86016K, 12% used [0x0000000082000000,0x0000000082adfd98,0x0000000087400000)
 Metaspace       used 15497K, capacity 15724K, committed 16000K, reserved 1062912K
  class space    used 1827K, capacity 1914K, committed 1920K, reserved 1048576K
Event: 4.265 GC heap after
Heap after GC invocations=5 (full 0):
 PSYoungGen      total 70656K, used 5104K [0x00000000d6000000, 0x00000000dfa00000, 0x0000000100000000)
  eden space 65536K, 0% used [0x00000000d6000000,0x00000000d6000000,0x00000000da000000)
  from space 5120K, 99% used [0x00000000da000000,0x00000000da4fc030,0x00000000da500000)
  to   space 13312K, 0% used [0x00000000ded00000,0x00000000ded00000,0x00000000dfa00000)
 ParOldGen       total 86016K, used 16303K [0x0000000082000000, 0x0000000087400000, 0x00000000d6000000)
  object space 86016K, 18% used [0x0000000082000000,0x0000000082febdb8,0x0000000087400000)
 Metaspace       used 15497K, capacity 15724K, committed 16000K, reserved 1062912K
  class space    used 1827K, capacity 1914K, committed 1920K, reserved 1048576K
}
Event: 5.555 GC heap before
{Heap before GC invocations=6 (full 0):
 PSYoungGen      total 70656K, used 70640K [0x00000000d6000000, 0x00000000dfa00000, 0x0000000100000000)
  eden space 65536K, 100% used [0x00000000d6000000,0x00000000da000000,0x00000000da000000)
  from space 5120K, 99% used [0x00000000da000000,0x00000000da4fc030,0x00000000da500000)
  to   space 13312K, 0% used [0x00000000ded00000,0x00000000ded00000,0x00000000dfa00000)
 ParOldGen       total 86016K, used 16303K [0x0000000082000000, 0x0000000087400000, 0x00000000d6000000)
  object space 86016K, 18% used [0x0000000082000000,0x0000000082febdb8,0x0000000087400000)
 Metaspace       used 16526K, capacity 16918K, committed 17280K, reserved 1064960K
  class space    used 1931K, capacity 2053K, committed 2176K, reserved 1048576K
Event: 5.576 GC heap after
Heap after GC invocations=6 (full 0):
 PSYoungGen      total 143872K, used 10520K [0x00000000d6000000, 0x00000000dfb00000, 0x0000000100000000)
  eden space 130560K, 0% used [0x00000000d6000000,0x00000000d6000000,0x00000000ddf80000)
  from space 13312K, 79% used [0x00000000ded00000,0x00000000df746090,0x00000000dfa00000)
  to   space 13824K, 0% used [0x00000000ddf80000,0x00000000ddf80000,0x00000000ded00000)
 ParOldGen       total 86016K, used 16311K [0x0000000082000000, 0x0000000087400000, 0x00000000d6000000)
  object space 86016K, 18% used [0x0000000082000000,0x0000000082feddb8,0x0000000087400000)
 Metaspace       used 16526K, capacity 16918K, committed 17280K, reserved 1064960K
  class space    used 1931K, capacity 2053K, committed 2176K, reserved 1048576K
}
Event: 11.962 GC heap before
{Heap before GC invocations=7 (full 0):
 PSYoungGen      total 143872K, used 113689K [0x00000000d6000000, 0x00000000dfb00000, 0x0000000100000000)
  eden space 130560K, 79% used [0x00000000d6000000,0x00000000dc4c05f8,0x00000000ddf80000)
  from space 13312K, 79% used [0x00000000ded00000,0x00000000df746090,0x00000000dfa00000)
  to   space 13824K, 0% used [0x00000000ddf80000,0x00000000ddf80000,0x00000000ded00000)
 ParOldGen       total 86016K, used 16311K [0x0000000082000000, 0x0000000087400000, 0x00000000d6000000)
  object space 86016K, 18% used [0x0000000082000000,0x0000000082feddb8,0x0000000087400000)
 Metaspace       used 20557K, capacity 21176K, committed 21296K, reserved 1069056K
  class space    used 2475K, capacity 2664K, committed 2688K, reserved 1048576K
Event: 11.993 GC heap after
Heap after GC invocations=7 (full 0):
 PSYoungGen      total 144384K, used 13811K [0x00000000d6000000, 0x00000000e8200000, 0x0000000100000000)
  eden space 130560K, 0% used [0x00000000d6000000,0x00000000d6000000,0x00000000ddf80000)
  from space 13824K, 99% used [0x00000000ddf80000,0x00000000decfcea0,0x00000000ded00000)
  to   space 17920K, 0% used [0x00000000e7080000,0x00000000e7080000,0x00000000e8200000)
 ParOldGen       total 86016K, used 20720K [0x0000000082000000, 0x0000000087400000, 0x00000000d6000000)
  object space 86016K, 24% used [0x0000000082000000,0x000000008343c080,0x0000000087400000)
 Metaspace       used 20557K, capacity 21176K, committed 21296K, reserved 1069056K
  class space    used 2475K, capacity 2664K, committed 2688K, reserved 1048576K
}
Event: 11.993 GC heap before
{Heap before GC invocations=8 (full 1):
 PSYoungGen      total 144384K, used 13811K [0x00000000d6000000, 0x00000000e8200000, 0x0000000100000000)
  eden space 130560K, 0% used [0x00000000d6000000,0x00000000d6000000,0x00000000ddf80000)
  from space 13824K, 99% used [0x00000000ddf80000,0x00000000decfcea0,0x00000000ded00000)
  to   space 17920K, 0% used [0x00000000e7080000,0x00000000e7080000,0x00000000e8200000)
 ParOldGen       total 86016K, used 20720K [0x0000000082000000, 0x0000000087400000, 0x00000000d6000000)
  object space 86016K, 24% used [0x0000000082000000,0x000000008343c080,0x0000000087400000)
 Metaspace       used 20557K, capacity 21176K, committed 21296K, reserved 1069056K
  class space    used 2475K, capacity 2664K, committed 2688K, reserved 1048576K
Event: 12.171 GC heap after
Heap after GC invocations=8 (full 1):
 PSYoungGen      total 144384K, used 0K [0x00000000d6000000, 0x00000000e8200000, 0x0000000100000000)
  eden space 130560K, 0% used [0x00000000d6000000,0x00000000d6000000,0x00000000ddf80000)
  from space 13824K, 0% used [0x00000000ddf80000,0x00000000ddf80000,0x00000000ded00000)
  to   space 17920K, 0% used [0x00000000e7080000,0x00000000e7080000,0x00000000e8200000)
 ParOldGen       total 86016K, used 27538K [0x0000000082000000, 0x0000000087400000, 0x00000000d6000000)
  object space 86016K, 32% used [0x0000000082000000,0x0000000083ae4a30,0x0000000087400000)
 Metaspace       used 20557K, capacity 21176K, committed 21296K, reserved 1069056K
  class space    used 2475K, capacity 2664K, committed 2688K, reserved 1048576K
}
Event: 14.675 GC heap before
{Heap before GC invocations=9 (full 1):
 PSYoungGen      total 144384K, used 130560K [0x00000000d6000000, 0x00000000e8200000, 0x0000000100000000)
  eden space 130560K, 100% used [0x00000000d6000000,0x00000000ddf80000,0x00000000ddf80000)
  from space 13824K, 0% used [0x00000000ddf80000,0x00000000ddf80000,0x00000000ded00000)
  to   space 17920K, 0% used [0x00000000e7080000,0x00000000e7080000,0x00000000e8200000)
 ParOldGen       total 86016K, used 27538K [0x0000000082000000, 0x0000000087400000, 0x00000000d6000000)
  object space 86016K, 32% used [0x0000000082000000,0x0000000083ae4a30,0x0000000087400000)
 Metaspace       used 31966K, capacity 32826K, committed 33152K, reserved 1079296K
  class space    used 3855K, capacity 4100K, committed 4224K, reserved 1048576K
Event: 14.696 GC heap after
Heap after GC invocations=9 (full 1):
 PSYoungGen      total 201216K, used 13216K [0x00000000d6000000, 0x00000000e7d80000, 0x0000000100000000)
  eden space 187904K, 0% used [0x00000000d6000000,0x00000000d6000000,0x00000000e1780000)
  from space 13312K, 99% used [0x00000000e7080000,0x00000000e7d680f8,0x00000000e7d80000)
  to   space 18432K, 0% used [0x00000000e5980000,0x00000000e5980000,0x00000000e6b80000)
 ParOldGen       total 86016K, used 27610K [0x0000000082000000, 0x0000000087400000, 0x00000000d6000000)
  object space 86016K, 32% used [0x0000000082000000,0x0000000083af6a40,0x0000000087400000)
 Metaspace       used 31966K, capacity 32826K, committed 33152K, reserved 1079296K
  class space    used 3855K, capacity 4100K, committed 4224K, reserved 1048576K
}

